app/build/intermediates/manifest_merge_blame_file/debug/processDebugMainManifest/manifest-merger-blame-debug-report.txt
1<?xml version="1.0" encoding="utf-8"?>
2<manifest xmlns:android="http://schemas.android.com/apk/res/android"
3    package="com.example.meshvisualiser"
4    android:versionCode="1"
5    android:versionName="1.0" >
6
7    <uses-sdk
8        android:minSdkVersion="24"
9        android:targetSdkVersion="35" />
10
11    <!-- Location permissions for Nearby Connections -->
12    <uses-permission android:name="android.permission.ACCESS_FINE_LOCATION" />
12-->src/main/AndroidManifest.xml:6:5-79
12-->src/main/AndroidManifest.xml:6:22-76
13    <uses-permission android:name="android.permission.ACCESS_COARSE_LOCATION" />
13-->src/main/AndroidManifest.xml:7:5-81
13-->src/main/AndroidManifest.xml:7:22-78
14
15    <!-- Bluetooth permissions for Nearby Connections -->
16    <uses-permission
16-->src/main/AndroidManifest.xml:10:5-95
17        android:name="android.permission.BLUETOOTH"
17-->src/main/AndroidManifest.xml:10:22-65
18        android:maxSdkVersion="30" />
18-->src/main/AndroidManifest.xml:10:66-92
19    <uses-permission
19-->src/main/AndroidManifest.xml:11:5-101
20        android:name="android.permission.BLUETOOTH_ADMIN"
20-->src/main/AndroidManifest.xml:11:22-71
21        android:maxSdkVersion="30" />
21-->src/main/AndroidManifest.xml:11:72-98
22    <uses-permission android:name="android.permission.BLUETOOTH_ADVERTISE" />
22-->src/main/AndroidManifest.xml:12:5-78
22-->src/main/AndroidManifest.xml:12:22-75
23    <uses-permission android:name="android.permission.BLUETOOTH_CONNECT" />
23-->src/main/AndroidManifest.xml:13:5-76
23-->src/main/AndroidManifest.xml:13:22-73
24    <uses-permission
24-->src/main/AndroidManifest.xml:14:5-16:31
25        android:name="android.permission.BLUETOOTH_SCAN"
25-->src/main/AndroidManifest.xml:14:22-70
26        android:usesPermissionFlags="neverForLocation" />
26-->src/main/AndroidManifest.xml:15:9-55
27
28    <!-- WiFi permissions for Nearby Connections -->
29    <uses-permission android:name="android.permission.ACCESS_WIFI_STATE" />
29-->src/main/AndroidManifest.xml:19:5-76
29-->src/main/AndroidManifest.xml:19:22-73
30    <uses-permission android:name="android.permission.CHANGE_WIFI_STATE" />
30-->src/main/AndroidManifest.xml:20:5-76
30-->src/main/AndroidManifest.xml:20:22-73
31    <uses-permission
31-->src/main/AndroidManifest.xml:21:5-23:38
32        android:name="android.permission.NEARBY_WIFI_DEVICES"
32-->src/main/AndroidManifest.xml:21:22-75
33        android:usesPermissionFlags="neverForLocation" />
33-->src/main/AndroidManifest.xml:22:9-55
34
35    <!-- Camera for ARCore -->
36    <uses-permission android:name="android.permission.CAMERA" />
36-->src/main/AndroidManifest.xml:26:5-65
36-->src/main/AndroidManifest.xml:26:22-62
37
38    <!-- Internet for Cloud Anchors -->
39    <uses-permission android:name="android.permission.INTERNET" />
39-->src/main/AndroidManifest.xml:29:5-67
39-->src/main/AndroidManifest.xml:29:22-64
40
41    <!-- Hardware features -->
42    <uses-feature
42-->src/main/AndroidManifest.xml:32:5-87
43        android:name="android.hardware.camera.ar"
43-->src/main/AndroidManifest.xml:32:19-60
44        android:required="true" />
44-->src/main/AndroidManifest.xml:32:61-84
45    <uses-feature
45-->src/main/AndroidManifest.xml:33:5-84
46        android:name="android.hardware.camera"
46-->src/main/AndroidManifest.xml:33:19-57
47        android:required="true" />
47-->src/main/AndroidManifest.xml:33:58-81
48    <uses-feature
48-->src/main/AndroidManifest.xml:34:5-88
49        android:name="android.hardware.bluetooth"
49-->src/main/AndroidManifest.xml:34:19-60
50        android:required="false" />
50-->src/main/AndroidManifest.xml:34:61-85
51    <uses-feature
51-->src/main/AndroidManifest.xml:35:5-83
52        android:name="android.hardware.wifi"
52-->src/main/AndroidManifest.xml:35:19-55
53        android:required="false" />
53-->src/main/AndroidManifest.xml:35:56-80
54
55    <uses-permission android:name="android.permission.ACCESS_NETWORK_STATE" /> <!-- SceneView requires OpenGLES 3.0 or later for 3D rendering. -->
55-->[com.google.android.gms:play-services-nearby:19.3.0] AndroidManifest.xml:6:5-79
55-->[com.google.android.gms:play-services-nearby:19.3.0] AndroidManifest.xml:6:22-76
56    <uses-feature
56-->[io.github.sceneview:sceneview:2.3.0] AndroidManifest.xml:11:5-13:35
57        android:glEsVersion="0x00030000"
57-->[io.github.sceneview:sceneview:2.3.0] AndroidManifest.xml:12:9-41
58        android:required="true" />
58-->[io.github.sceneview:sceneview:2.3.0] AndroidManifest.xml:13:9-32
59
60    <permission
60-->[androidx.core:core:1.16.0] AndroidManifest.xml:22:5-24:47
61        android:name="com.example.meshvisualiser.DYNAMIC_RECEIVER_NOT_EXPORTED_PERMISSION"
61-->[androidx.core:core:1.16.0] AndroidManifest.xml:23:9-81
62        android:protectionLevel="signature" />
62-->[androidx.core:core:1.16.0] AndroidManifest.xml:24:9-44
63
64    <uses-permission android:name="com.example.meshvisualiser.DYNAMIC_RECEIVER_NOT_EXPORTED_PERMISSION" />
64-->[androidx.core:core:1.16.0] AndroidManifest.xml:26:5-97
64-->[androidx.core:core:1.16.0] AndroidManifest.xml:26:22-94
65
66    <queries>
66-->[com.google.ar:core:1.52.0] AndroidManifest.xml:20:5-27:15
67        <package android:name="com.google.ar.core" />
67-->[com.google.ar:core:1.52.0] AndroidManifest.xml:21:9-54
67-->[com.google.ar:core:1.52.0] AndroidManifest.xml:21:18-51
68        <package android:name="com.android.vending" />
68-->[com.google.ar:core:1.52.0] AndroidManifest.xml:22:9-55
68-->[com.google.ar:core:1.52.0] AndroidManifest.xml:22:18-52
69
70        <intent>
70-->[com.google.ar:core:1.52.0] AndroidManifest.xml:24:9-26:18
71            <action android:name="com.google.android.play.core.install.BIND_INSTALL_SERVICE" />
71-->[com.google.ar:core:1.52.0] AndroidManifest.xml:25:13-96
71-->[com.google.ar:core:1.52.0] AndroidManifest.xml:25:21-93
72        </intent>
73    </queries>
74
75    <application
75-->src/main/AndroidManifest.xml:37:5-65:19
76        android:name="com.example.meshvisualiser.MeshVisualizerApp"
76-->src/main/AndroidManifest.xml:38:9-42
77        android:allowBackup="true"
77-->src/main/AndroidManifest.xml:39:9-35
78        android:appComponentFactory="androidx.core.app.CoreComponentFactory"
78-->[androidx.core:core:1.16.0] AndroidManifest.xml:28:18-86
79        android:debuggable="true"
80        android:extractNativeLibs="false"
81        android:icon="@mipmap/ic_launcher"
81-->src/main/AndroidManifest.xml:40:9-43
82        android:label="@string/app_name"
82-->src/main/AndroidManifest.xml:41:9-41
83        android:roundIcon="@mipmap/ic_launcher_round"
83-->src/main/AndroidManifest.xml:42:9-54
84        android:supportsRtl="true"
84-->src/main/AndroidManifest.xml:43:9-35
85        android:theme="@style/Theme.MeshVisualiser" >
85-->src/main/AndroidManifest.xml:44:9-52
86
87        <!-- ARCore metadata -->
88        <meta-data
88-->src/main/AndroidManifest.xml:48:9-51:45
89            android:name="com.google.ar.core"
89-->src/main/AndroidManifest.xml:49:13-46
90            android:value="required" />
90-->src/main/AndroidManifest.xml:50:13-37
91
92        <activity
92-->src/main/AndroidManifest.xml:53:9-63:20
93            android:name="com.example.meshvisualiser.ui.MainActivity"
93-->src/main/AndroidManifest.xml:54:13-44
94            android:configChanges="orientation|screenSize"
94-->src/main/AndroidManifest.xml:57:13-59
95            android:exported="true"
95-->src/main/AndroidManifest.xml:55:13-36
96            android:screenOrientation="portrait"
96-->src/main/AndroidManifest.xml:56:13-49
97            android:theme="@style/Theme.MeshVisualiser" >
97-->src/main/AndroidManifest.xml:58:13-56
98            <intent-filter>
98-->src/main/AndroidManifest.xml:59:13-62:29
99                <action android:name="android.intent.action.MAIN" />
99-->src/main/AndroidManifest.xml:60:17-69
99-->src/main/AndroidManifest.xml:60:25-66
100
101                <category android:name="android.intent.category.LAUNCHER" />
101-->src/main/AndroidManifest.xml:61:17-77
101-->src/main/AndroidManifest.xml:61:27-74
102            </intent-filter>
103        </activity>
104
105        <service
105-->[com.google.android.gms:play-services-nearby:19.3.0] AndroidManifest.xml:9:9-214
106            android:name="com.google.android.gms.nearby.exposurenotification.WakeUpService"
106-->[com.google.android.gms:play-services-nearby:19.3.0] AndroidManifest.xml:9:18-97
107            android:exported="true"
107-->[com.google.android.gms:play-services-nearby:19.3.0] AndroidManifest.xml:9:98-121
108            android:permission="com.google.android.gms.nearby.exposurenotification.EXPOSURE_CALLBACK" />
108-->[com.google.android.gms:play-services-nearby:19.3.0] AndroidManifest.xml:9:122-211
109
110        <activity
110-->[com.google.android.gms:play-services-base:18.5.0] AndroidManifest.xml:5:9-173
111            android:name="com.google.android.gms.common.api.GoogleApiActivity"
111-->[com.google.android.gms:play-services-base:18.5.0] AndroidManifest.xml:5:19-85
112            android:exported="false"
112-->[com.google.android.gms:play-services-base:18.5.0] AndroidManifest.xml:5:146-170
113            android:theme="@android:style/Theme.Translucent.NoTitleBar" />
113-->[com.google.android.gms:play-services-base:18.5.0] AndroidManifest.xml:5:86-145
114        <activity
114-->[androidx.compose.ui:ui-tooling-android:1.7.8] AndroidManifest.xml:23:9-25:39
115            android:name="androidx.compose.ui.tooling.PreviewActivity"
115-->[androidx.compose.ui:ui-tooling-android:1.7.8] AndroidManifest.xml:24:13-71
116            android:exported="true" />
116-->[androidx.compose.ui:ui-tooling-android:1.7.8] AndroidManifest.xml:25:13-36
117
118        <provider
118-->[androidx.emoji2:emoji2:1.3.0] AndroidManifest.xml:24:9-32:20
119            android:name="androidx.startup.InitializationProvider"
119-->[androidx.emoji2:emoji2:1.3.0] AndroidManifest.xml:25:13-67
120            android:authorities="com.example.meshvisualiser.androidx-startup"
120-->[androidx.emoji2:emoji2:1.3.0] AndroidManifest.xml:26:13-68
121            android:exported="false" >
121-->[androidx.emoji2:emoji2:1.3.0] AndroidManifest.xml:27:13-37
122            <meta-data
122-->[androidx.emoji2:emoji2:1.3.0] AndroidManifest.xml:29:13-31:52
123                android:name="androidx.emoji2.text.EmojiCompatInitializer"
123-->[androidx.emoji2:emoji2:1.3.0] AndroidManifest.xml:30:17-75
124                android:value="androidx.startup" />
124-->[androidx.emoji2:emoji2:1.3.0] AndroidManifest.xml:31:17-49
125            <meta-data
125-->[androidx.lifecycle:lifecycle-process:2.8.7] AndroidManifest.xml:29:13-31:52
126                android:name="androidx.lifecycle.ProcessLifecycleInitializer"
126-->[androidx.lifecycle:lifecycle-process:2.8.7] AndroidManifest.xml:30:17-78
127                android:value="androidx.startup" />
127-->[androidx.lifecycle:lifecycle-process:2.8.7] AndroidManifest.xml:31:17-49
128            <meta-data
128-->[androidx.profileinstaller:profileinstaller:1.3.1] AndroidManifest.xml:29:13-31:52
129                android:name="androidx.profileinstaller.ProfileInstallerInitializer"
129-->[androidx.profileinstaller:profileinstaller:1.3.1] AndroidManifest.xml:30:17-85
130                android:value="androidx.startup" />
130-->[androidx.profileinstaller:profileinstaller:1.3.1] AndroidManifest.xml:31:17-49
131        </provider>
132
133        <meta-data
133-->[com.google.android.gms:play-services-basement:18.4.0] AndroidManifest.xml:6:9-122
134            android:name="com.google.android.gms.version"
134-->[com.google.android.gms:play-services-basement:18.4.0] AndroidManifest.xml:6:20-65
135            android:value="@integer/google_play_services_version" />
135-->[com.google.android.gms:play-services-basement:18.4.0] AndroidManifest.xml:6:66-119
136
137        <activity
137-->[androidx.compose.ui:ui-test-manifest:1.7.8] AndroidManifest.xml:23:9-25:39
138            android:name="androidx.activity.ComponentActivity"
138-->[androidx.compose.ui:ui-test-manifest:1.7.8] AndroidManifest.xml:24:13-63
139            android:exported="true" /> <!-- The minimal version code of ARCore APK required for an app using this SDK. -->
139-->[androidx.compose.ui:ui-test-manifest:1.7.8] AndroidManifest.xml:25:13-36
140        <meta-data
140-->[com.google.ar:core:1.52.0] AndroidManifest.xml:32:9-34:41
141            android:name="com.google.ar.core.min_apk_version"
141-->[com.google.ar:core:1.52.0] AndroidManifest.xml:33:13-62
142            android:value="252570000" /> <!-- This activity is critical for installing ARCore when it is not already present. -->
142-->[com.google.ar:core:1.52.0] AndroidManifest.xml:34:13-38
143        <activity
143-->[com.google.ar:core:1.52.0] AndroidManifest.xml:36:9-42:80
144            android:name="com.google.ar.core.InstallActivity"
144-->[com.google.ar:core:1.52.0] AndroidManifest.xml:37:13-62
145            android:configChanges="keyboardHidden|orientation|screenSize"
145-->[com.google.ar:core:1.52.0] AndroidManifest.xml:38:13-74
146            android:excludeFromRecents="true"
146-->[com.google.ar:core:1.52.0] AndroidManifest.xml:39:13-46
147            android:exported="false"
147-->[com.google.ar:core:1.52.0] AndroidManifest.xml:40:13-37
148            android:launchMode="singleTop"
148-->[com.google.ar:core:1.52.0] AndroidManifest.xml:41:13-43
149            android:theme="@android:style/Theme.Material.Light.Dialog.Alert" />
149-->[com.google.ar:core:1.52.0] AndroidManifest.xml:42:13-77
150
151        <receiver
151-->[androidx.profileinstaller:profileinstaller:1.3.1] AndroidManifest.xml:34:9-52:20
152            android:name="androidx.profileinstaller.ProfileInstallReceiver"
152-->[androidx.profileinstaller:profileinstaller:1.3.1] AndroidManifest.xml:35:13-76
153            android:directBootAware="false"
153-->[androidx.profileinstaller:profileinstaller:1.3.1] AndroidManifest.xml:36:13-44
154            android:enabled="true"
154-->[androidx.profileinstaller:profileinstaller:1.3.1] AndroidManifest.xml:37:13-35
155            android:exported="true"
155-->[androidx.profileinstaller:profileinstaller:1.3.1] AndroidManifest.xml:38:13-36
156            android:permission="android.permission.DUMP" >
156-->[androidx.profileinstaller:profileinstaller:1.3.1] AndroidManifest.xml:39:13-57
157            <intent-filter>
157-->[androidx.profileinstaller:profileinstaller:1.3.1] AndroidManifest.xml:40:13-42:29
158                <action android:name="androidx.profileinstaller.action.INSTALL_PROFILE" />
158-->[androidx.profileinstaller:profileinstaller:1.3.1] AndroidManifest.xml:41:17-91
158-->[androidx.profileinstaller:profileinstaller:1.3.1] AndroidManifest.xml:41:25-88
159            </intent-filter>
160            <intent-filter>
160-->[androidx.profileinstaller:profileinstaller:1.3.1] AndroidManifest.xml:43:13-45:29
161                <action android:name="androidx.profileinstaller.action.SKIP_FILE" />
161-->[androidx.profileinstaller:profileinstaller:1.3.1] AndroidManifest.xml:44:17-85
161-->[androidx.profileinstaller:profileinstaller:1.3.1] AndroidManifest.xml:44:25-82
162            </intent-filter>
163            <intent-filter>
163-->[androidx.profileinstaller:profileinstaller:1.3.1] AndroidManifest.xml:46:13-48:29
164                <action android:name="androidx.profileinstaller.action.SAVE_PROFILE" />
164-->[androidx.profileinstaller:profileinstaller:1.3.1] AndroidManifest.xml:47:17-88
164-->[androidx.profileinstaller:profileinstaller:1.3.1] AndroidManifest.xml:47:25-85
165            </intent-filter>
166            <intent-filter>
166-->[androidx.profileinstaller:profileinstaller:1.3.1] AndroidManifest.xml:49:13-51:29
167                <action android:name="androidx.profileinstaller.action.BENCHMARK_OPERATION" />
167-->[androidx.profileinstaller:profileinstaller:1.3.1] AndroidManifest.xml:50:17-95
167-->[androidx.profileinstaller:profileinstaller:1.3.1] AndroidManifest.xml:50:25-92
168            </intent-filter>
169        </receiver>
170    </application>
171
172</manifest>